<?xml version="1.0" encoding="UTF-8"?>
<testng-results ignored="0" total="1" passed="1" failed="0" skipped="0">
  <reporter-output>
  </reporter-output>
  <suite started-at="2024-01-06T09:33:47 IST" name="Suite" finished-at="2024-01-06T09:34:05 IST" duration-ms="18039">
    <groups>
    </groups>
    <test started-at="2024-01-06T09:33:47 IST" name="Test" finished-at="2024-01-06T09:34:05 IST" duration-ms="18039">
      <class name="demopackage1234.Demo">
        <test-method signature="test()[pri:0, instance:demopackage1234.Demo@5939a379]" started-at="2024-01-06T09:33:47 IST" name="test" finished-at="2024-01-06T09:34:05 IST" duration-ms="18000" status="PASS">
          <reporter-output>
          </reporter-output>
        </test-method> <!-- test -->
      </class> <!-- demopackage1234.Demo -->
    </test> <!-- Test -->
  </suite> <!-- Suite -->
</testng-results>
